/bin/sh: 1: /working/gdrive-local/Colab Notebooks/METIS-4.AI/cron/agatta.cron: Permission denied
/bin/sh: 1: /working/gdrive-local/Colab Notebooks/METIS-4.AI/cron/agatta.cron: Permission denied
/bin/sh: 1: /working/gdrive-local/Colab Notebooks/METIS-4.AI/cron/agatta.cron: Permission denied
/bin/sh: 1: /working/gdrive-local/Colab Notebooks/METIS-4.AI/cron/agatta.cron: Permission denied
/bin/sh: 1: /working/gdrive-local/Colab Notebooks/METIS-4.AI/cron/agatta.cron: Permission denied
/bin/sh: 1: /working/gdrive-local/Colab Notebooks/METIS-4.AI/cron/agatta.cron: Permission denied
/bin/sh: 1: /working/gdrive-local/Colab Notebooks/METIS-4.AI/cron/agatta.cron: Permission denied
/bin/sh: 1: /working/gdrive-local/Colab Notebooks/METIS-4.AI/cron/agatta.cron: Permission denied
/bin/sh: 1: /working/gdrive-local/Colab Notebooks/METIS-4.AI/cron/agatta.cron: Permission denied
/bin/sh: 1: /working/gdrive-local/Colab Notebooks/METIS-4.AI/cron/agatta.cron: Permission denied
/bin/sh: 1: /working/gdrive-local/Colab Notebooks/METIS-4.AI/cron/agatta.cron: Permission denied
/bin/sh: 1: /working/gdrive-local/Colab Notebooks/METIS-4.AI/cron/agatta.cron: Permission denied
/bin/sh: 1: /working/gdrive-local/Colab Notebooks/METIS-4.AI/cron/agatta.cron: Permission denied
/bin/sh: 1: /working/gdrive-local/Colab Notebooks/METIS-4.AI/cron/agatta.cron: Permission denied
/bin/sh: 1: /working/gdrive-local/Colab Notebooks/METIS-4.AI/cron/agatta.cron: Permission denied
/bin/sh: 1: /working/gdrive-local/Colab Notebooks/METIS-4.AI/cron/agatta.cron: Permission denied
/bin/sh: 1: /working/gdrive-local/Colab Notebooks/METIS-4.AI/cron/agatta.cron: Permission denied
/bin/sh: 1: /working/gdrive-local/Colab Notebooks/METIS-4.AI/cron/agatta.cron: Permission denied
/bin/sh: 1: /working/gdrive-local/Colab Notebooks/METIS-4.AI/cron/agatta.cron: Permission denied
/bin/sh: 1: /working/gdrive-local/Colab Notebooks/METIS-4.AI/cron/agatta.cron: Permission denied
/bin/sh: 1: /working/gdrive-local/Colab Notebooks/METIS-4.AI/cron/agatta.cron: Permission denied
/bin/sh: 1: /working/gdrive-local/Colab Notebooks/METIS-4.AI/cron/agatta.cron: Permission denied
/bin/sh: 1: /working/gdrive-local/Colab Notebooks/METIS-4.AI/cron/agatta.cron: Permission denied
/bin/sh: 1: /working/gdrive-local/Colab Notebooks/METIS-4.AI/cron/agatta.cron: Permission denied
/bin/sh: 1: /working/gdrive-local/Colab Notebooks/METIS-4.AI/cron/agatta.cron: Permission denied
/bin/sh: 1: /working/gdrive-local/Colab Notebooks/METIS-4.AI/cron/agatta.cron: Permission denied
/bin/sh: 1: /working/gdrive-local/Colab Notebooks/METIS-4.AI/cron/agatta.cron: Permission denied
/bin/sh: 1: /working/gdrive-local/Colab Notebooks/METIS-4.AI/cron/agatta.cron: Permission denied
/bin/sh: 1: /working/gdrive-local/Colab Notebooks/METIS-4.AI/cron/agatta.cron: Permission denied
/bin/sh: 1: /working/gdrive-local/Colab Notebooks/METIS-4.AI/cron/agatta.cron: Permission denied
/bin/sh: 1: /working/gdrive-local/Colab Notebooks/METIS-4.AI/cron/agatta.cron: Permission denied
/bin/sh: 1: /working/gdrive-local/Colab Notebooks/METIS-4.AI/cron/agatta.cron: Permission denied
/bin/sh: 1: /working/gdrive-local/Colab Notebooks/METIS-4.AI/cron/agatta.cron: Permission denied
/bin/sh: 1: /working/gdrive-local/Colab Notebooks/METIS-4.AI/cron/agatta.cron: Permission denied
/bin/sh: 1: /working/gdrive-local/Colab Notebooks/METIS-4.AI/cron/agatta.cron: Permission denied
/bin/sh: 1: /working/gdrive-local/Colab Notebooks/METIS-4.AI/cron/agatta.cron: Permission denied
/bin/sh: 1: /working/gdrive-local/Colab Notebooks/METIS-4.AI/cron/agatta.cron: Permission denied
/bin/sh: 1: /working/gdrive-local/Colab Notebooks/METIS-4.AI/cron/agatta.cron: Permission denied
/bin/sh: 1: /working/gdrive-local/Colab Notebooks/METIS-4.AI/cron/agatta.cron: Permission denied
/bin/sh: 1: /working/gdrive-local/Colab Notebooks/METIS-4.AI/cron/agatta.cron: Permission denied
/bin/sh: 1: /working/gdrive-local/Colab Notebooks/METIS-4.AI/cron/agatta.cron: Permission denied
/bin/sh: 1: /working/gdrive-local/Colab Notebooks/METIS-4.AI/cron/agatta.cron: Permission denied
/bin/sh: 1: /working/gdrive-local/Colab Notebooks/METIS-4.AI/cron/agatta.cron: Permission denied
/bin/sh: 1: /working/gdrive-local/Colab Notebooks/METIS-4.AI/cron/agatta.cron: Permission denied
/bin/sh: 1: /working/gdrive-local/Colab Notebooks/METIS-4.AI/cron/agatta.cron: Permission denied
/bin/sh: 1: /working/gdrive-local/Colab Notebooks/METIS-4.AI/cron/agatta.cron: Permission denied
/bin/sh: 1: /working/gdrive-local/Colab Notebooks/METIS-4.AI/cron/agatta.cron: Permission denied
/bin/sh: 1: /working/gdrive-local/Colab Notebooks/METIS-4.AI/cron/agatta.cron: Permission denied
/bin/sh: 1: /working/gdrive-local/Colab Notebooks/METIS-4.AI/cron/agatta.cron: Permission denied
/bin/sh: 1: /working/gdrive-local/Colab Notebooks/METIS-4.AI/cron/agatta.cron: Permission denied
/bin/sh: 1: /working/gdrive-local/Colab Notebooks/METIS-4.AI/cron/agatta.cron: Permission denied
/bin/sh: 1: /working/gdrive-local/Colab Notebooks/METIS-4.AI/cron/agatta.cron: Permission denied
/bin/sh: 1: /working/gdrive-local/Colab Notebooks/METIS-4.AI/cron/agatta.cron: Permission denied
/bin/sh: 1: /working/gdrive-local/Colab Notebooks/METIS-4.AI/cron/agatta.cron: Permission denied
/bin/sh: 1: /working/gdrive-local/Colab Notebooks/METIS-4.AI/cron/agatta.cron: Permission denied
/bin/sh: 1: /working/gdrive-local/Colab Notebooks/METIS-4.AI/cron/agatta.cron: Permission denied
/bin/sh: 1: /working/gdrive-local/Colab Notebooks/METIS-4.AI/cron/agatta.cron: Permission denied
/bin/sh: 1: /working/gdrive-local/Colab Notebooks/METIS-4.AI/cron/agatta.cron: Permission denied
/bin/sh: 1: /working/gdrive-local/Colab Notebooks/METIS-4.AI/cron/agatta.cron: Permission denied
/bin/sh: 1: /working/gdrive-local/Colab Notebooks/METIS-4.AI/cron/agatta.cron: Permission denied
/bin/sh: 1: /working/gdrive-local/Colab Notebooks/METIS-4.AI/cron/agatta.cron: Permission denied
/bin/sh: 1: /working/gdrive-local/Colab Notebooks/METIS-4.AI/cron/agatta.cron: Permission denied
/bin/sh: 1: /working/gdrive-local/Colab Notebooks/METIS-4.AI/cron/agatta.cron: Permission denied
/bin/sh: 1: /working/gdrive-local/Colab Notebooks/METIS-4.AI/cron/agatta.cron: Permission denied
/bin/sh: 1: /working/gdrive-local/Colab Notebooks/METIS-4.AI/cron/agatta.cron: Permission denied
/bin/sh: 1: /working/gdrive-local/Colab Notebooks/METIS-4.AI/cron/agatta.cron: Permission denied
/bin/sh: 1: /working/gdrive-local/Colab Notebooks/METIS-4.AI/cron/agatta.cron: Permission denied
/bin/sh: 1: /working/gdrive-local/Colab Notebooks/METIS-4.AI/cron/agatta.cron: Permission denied
/bin/sh: 1: /working/gdrive-local/Colab Notebooks/METIS-4.AI/cron/agatta.cron: Permission denied
/bin/sh: 1: /working/gdrive-local/Colab Notebooks/METIS-4.AI/cron/agatta.cron: Permission denied
/bin/sh: 1: /working/gdrive-local/Colab Notebooks/METIS-4.AI/cron/agatta.cron: Permission denied
/bin/sh: 1: /working/gdrive-local/Colab Notebooks/METIS-4.AI/cron/agatta.cron: Permission denied
/bin/sh: 1: /working/gdrive-local/Colab Notebooks/METIS-4.AI/cron/agatta.cron: Permission denied
/bin/sh: 1: /working/gdrive-local/Colab Notebooks/METIS-4.AI/cron/agatta.cron: Permission denied
/bin/sh: 1: /working/gdrive-local/Colab Notebooks/METIS-4.AI/cron/agatta.cron: Permission denied
/bin/sh: 1: /working/gdrive-local/Colab Notebooks/METIS-4.AI/cron/agatta.cron: Permission denied
/bin/sh: 1: /working/gdrive-local/Colab Notebooks/METIS-4.AI/cron/agatta.cron: Permission denied
/bin/sh: 1: /working/gdrive-local/Colab Notebooks/METIS-4.AI/cron/agatta.cron: Permission denied
/bin/sh: 1: /working/gdrive-local/Colab Notebooks/METIS-4.AI/cron/agatta.cron: Permission denied
/bin/sh: 1: /working/gdrive-local/Colab Notebooks/METIS-4.AI/cron/agatta.cron: Permission denied
/bin/sh: 1: /working/gdrive-local/Colab Notebooks/METIS-4.AI/cron/agatta.cron: Permission denied
/bin/sh: 1: /working/gdrive-local/Colab Notebooks/METIS-4.AI/cron/agatta.cron: Permission denied
/bin/sh: 1: /working/gdrive-local/Colab Notebooks/METIS-4.AI/cron/agatta.cron: Permission denied
/bin/sh: 1: /working/gdrive-local/Colab Notebooks/METIS-4.AI/cron/agatta.cron: Permission denied
/bin/sh: 1: /working/gdrive-local/Colab Notebooks/METIS-4.AI/cron/agatta.cron: Permission denied
/bin/sh: 1: /working/gdrive-local/Colab Notebooks/METIS-4.AI/cron/agatta.cron: Permission denied
/bin/sh: 1: /working/gdrive-local/Colab Notebooks/METIS-4.AI/cron/agatta.cron: Permission denied
/bin/sh: 1: /working/gdrive-local/Colab Notebooks/METIS-4.AI/cron/agatta.cron: Permission denied
/bin/sh: 1: /working/gdrive-local/Colab Notebooks/METIS-4.AI/cron/agatta.cron: Permission denied
/bin/sh: 1: /working/gdrive-local/Colab Notebooks/METIS-4.AI/cron/agatta.cron: Permission denied
/bin/sh: 1: /working/gdrive-local/Colab Notebooks/METIS-4.AI/cron/agatta.cron: Permission denied
/bin/sh: 1: /working/gdrive-local/Colab Notebooks/METIS-4.AI/cron/agatta.cron: Permission denied
/bin/sh: 1: /working/gdrive-local/Colab Notebooks/METIS-4.AI/cron/agatta.cron: Permission denied
/bin/sh: 1: /working/gdrive-local/Colab Notebooks/METIS-4.AI/cron/agatta.cron: Permission denied
/bin/sh: 1: /working/gdrive-local/Colab Notebooks/METIS-4.AI/cron/agatta.cron: Permission denied
/bin/sh: 1: /working/gdrive-local/Colab Notebooks/METIS-4.AI/cron/agatta.cron: Permission denied
/bin/sh: 1: /working/gdrive-local/Colab Notebooks/METIS-4.AI/cron/agatta.cron: Permission denied
/bin/sh: 1: /working/gdrive-local/Colab Notebooks/METIS-4.AI/cron/agatta.cron: Permission denied
/bin/sh: 1: /working/gdrive-local/Colab Notebooks/METIS-4.AI/cron/agatta.cron: Permission denied
/bin/sh: 1: /working/gdrive-local/Colab Notebooks/METIS-4.AI/cron/agatta.cron: Permission denied
/bin/sh: 1: /working/gdrive-local/Colab Notebooks/METIS-4.AI/cron/agatta.cron: Permission denied
/bin/sh: 1: /working/gdrive-local/Colab Notebooks/METIS-4.AI/cron/agatta.cron: Permission denied
/bin/sh: 1: /working/gdrive-local/Colab Notebooks/METIS-4.AI/cron/agatta.cron: Permission denied
/bin/sh: 1: /working/gdrive-local/Colab Notebooks/METIS-4.AI/cron/agatta.cron: Permission denied
/bin/sh: 1: /working/gdrive-local/Colab Notebooks/METIS-4.AI/cron/agatta.cron: Permission denied
/bin/sh: 1: /working/gdrive-local/Colab Notebooks/METIS-4.AI/cron/agatta.cron: Permission denied
/bin/sh: 1: /working/gdrive-local/Colab Notebooks/METIS-4.AI/cron/agatta.cron: Permission denied
/bin/sh: 1: /working/gdrive-local/Colab Notebooks/METIS-4.AI/cron/agatta.cron: Permission denied
/bin/sh: 1: /working/gdrive-local/Colab Notebooks/METIS-4.AI/cron/agatta.cron: Permission denied
/bin/sh: 1: /working/gdrive-local/Colab Notebooks/METIS-4.AI/cron/agatta.cron: Permission denied
/bin/sh: 1: /working/gdrive-local/Colab Notebooks/METIS-4.AI/cron/agatta.cron: Permission denied
/bin/sh: 1: /working/gdrive-local/Colab Notebooks/METIS-4.AI/cron/agatta.cron: Permission denied
/bin/sh: 1: /working/gdrive-local/Colab Notebooks/METIS-4.AI/cron/agatta.cron: Permission denied
/bin/sh: 1: /working/gdrive-local/Colab Notebooks/METIS-4.AI/cron/agatta.cron: Permission denied
/bin/sh: 1: /working/gdrive-local/Colab Notebooks/METIS-4.AI/cron/agatta.cron: Permission denied
/bin/sh: 1: /working/gdrive-local/Colab Notebooks/METIS-4.AI/cron/agatta.cron: Permission denied
/bin/sh: 1: /working/gdrive-local/Colab Notebooks/METIS-4.AI/cron/agatta.cron: Permission denied
/bin/sh: 1: /working/gdrive-local/Colab Notebooks/METIS-4.AI/cron/agatta.cron: Permission denied
/bin/sh: 1: /working/gdrive-local/Colab Notebooks/METIS-4.AI/cron/agatta.cron: Permission denied
/bin/sh: 1: /working/gdrive-local/Colab Notebooks/METIS-4.AI/cron/agatta.cron: Permission denied
/bin/sh: 1: /working/gdrive-local/Colab Notebooks/METIS-4.AI/cron/agatta.cron: Permission denied
/bin/sh: 1: /working/gdrive-local/Colab Notebooks/METIS-4.AI/cron/agatta.cron: Permission denied
/bin/sh: 1: /working/gdrive-local/Colab Notebooks/METIS-4.AI/cron/agatta.cron: Permission denied
/bin/sh: 1: /working/gdrive-local/Colab Notebooks/METIS-4.AI/cron/agatta.cron: Permission denied
/bin/sh: 1: /working/gdrive-local/Colab Notebooks/METIS-4.AI/cron/agatta.cron: Permission denied
/bin/sh: 1: /working/gdrive-local/Colab Notebooks/METIS-4.AI/cron/agatta.cron: Permission denied
/bin/sh: 1: /working/gdrive-local/Colab Notebooks/METIS-4.AI/cron/agatta.cron: Permission denied
/bin/sh: 1: /working/gdrive-local/Colab Notebooks/METIS-4.AI/cron/agatta.cron: Permission denied
/bin/sh: 1: /working/gdrive-local/Colab Notebooks/METIS-4.AI/cron/agatta.cron: Permission denied
/bin/sh: 1: /working/gdrive-local/Colab Notebooks/METIS-4.AI/cron/agatta.cron: Permission denied
/bin/sh: 1: /working/gdrive-local/Colab Notebooks/METIS-4.AI/cron/agatta.cron: Permission denied
/bin/sh: 1: /working/gdrive-local/Colab Notebooks/METIS-4.AI/cron/agatta.cron: Permission denied
/bin/sh: 1: /working/gdrive-local/Colab Notebooks/METIS-4.AI/cron/agatta.cron: Permission denied
/bin/sh: 1: /working/gdrive-local/Colab Notebooks/METIS-4.AI/cron/agatta.cron: Permission denied
/bin/sh: 1: /working/gdrive-local/Colab Notebooks/METIS-4.AI/cron/agatta.cron: Permission denied
/bin/sh: 1: /working/gdrive-local/Colab Notebooks/METIS-4.AI/cron/agatta.cron: Permission denied
/bin/sh: 1: /working/gdrive-local/Colab Notebooks/METIS-4.AI/cron/agatta.cron: Permission denied
/bin/sh: 1: /working/gdrive-local/Colab Notebooks/METIS-4.AI/cron/agatta.cron: Permission denied
/bin/sh: 1: /working/gdrive-local/Colab Notebooks/METIS-4.AI/cron/agatta.cron: Permission denied
/bin/sh: 1: /working/gdrive-local/Colab Notebooks/METIS-4.AI/cron/agatta.cron: Permission denied
/bin/sh: 1: /working/gdrive-local/Colab Notebooks/METIS-4.AI/cron/agatta.cron: Permission denied
/bin/sh: 1: /working/gdrive-local/Colab Notebooks/METIS-4.AI/cron/agatta.cron: Permission denied
/bin/sh: 1: /working/gdrive-local/Colab Notebooks/METIS-4.AI/cron/agatta.cron: Permission denied
/bin/sh: 1: /working/gdrive-local/Colab Notebooks/METIS-4.AI/cron/agatta.cron: Permission denied
/bin/sh: 1: /working/gdrive-local/Colab Notebooks/METIS-4.AI/cron/agatta.cron: Permission denied
/bin/sh: 1: /working/gdrive-local/Colab Notebooks/METIS-4.AI/cron/agatta.cron: Permission denied
/bin/sh: 1: /working/gdrive-local/Colab Notebooks/METIS-4.AI/cron/agatta.cron: Permission denied
/bin/sh: 1: /working/gdrive-local/Colab Notebooks/METIS-4.AI/cron/agatta.cron: Permission denied
/bin/sh: 1: /working/gdrive-local/Colab Notebooks/METIS-4.AI/cron/agatta.cron: Permission denied
/bin/sh: 1: /working/gdrive-local/Colab Notebooks/METIS-4.AI/cron/agatta.cron: Permission denied
/bin/sh: 1: /working/gdrive-local/Colab Notebooks/METIS-4.AI/cron/agatta.cron: Permission denied
/bin/sh: 1: /working/gdrive-local/Colab Notebooks/METIS-4.AI/cron/agatta.cron: Permission denied
/bin/sh: 1: /working/gdrive-local/Colab Notebooks/METIS-4.AI/cron/agatta.cron: Permission denied
/bin/sh: 1: /working/gdrive-local/Colab Notebooks/METIS-4.AI/cron/agatta.cron: Permission denied
/bin/sh: 1: /working/gdrive-local/Colab Notebooks/METIS-4.AI/cron/agatta.cron: Permission denied
/bin/sh: 1: /working/gdrive-local/Colab Notebooks/METIS-4.AI/cron/agatta.cron: Permission denied
/bin/sh: 1: /working/gdrive-local/Colab Notebooks/METIS-4.AI/cron/agatta.cron: Permission denied
/bin/sh: 1: /working/gdrive-local/Colab Notebooks/METIS-4.AI/cron/agatta.cron: Permission denied
/bin/sh: 1: /working/gdrive-local/Colab Notebooks/METIS-4.AI/cron/agatta.cron: Permission denied
/bin/sh: 1: /working/gdrive-local/Colab Notebooks/METIS-4.AI/cron/agatta.cron: Permission denied
/bin/sh: 1: /working/gdrive-local/Colab Notebooks/METIS-4.AI/cron/agatta.cron: Permission denied
/bin/sh: 1: /working/gdrive-local/Colab Notebooks/METIS-4.AI/cron/agatta.cron: Permission denied
/bin/sh: 1: /working/gdrive-local/Colab Notebooks/METIS-4.AI/cron/agatta.cron: Permission denied
/bin/sh: 1: /working/gdrive-local/Colab Notebooks/METIS-4.AI/cron/agatta.cron: Permission denied
/bin/sh: 1: /working/gdrive-local/Colab Notebooks/METIS-4.AI/cron/agatta.cron: Permission denied
/bin/sh: 1: /working/gdrive-local/Colab Notebooks/METIS-4.AI/cron/agatta.cron: Permission denied
/bin/sh: 1: /working/gdrive-local/Colab Notebooks/METIS-4.AI/cron/agatta.cron: Permission denied
/bin/sh: 1: /working/gdrive-local/Colab Notebooks/METIS-4.AI/cron/agatta.cron: Permission denied
/bin/sh: 1: /working/gdrive-local/Colab Notebooks/METIS-4.AI/cron/agatta.cron: Permission denied
/bin/sh: 1: /working/gdrive-local/Colab Notebooks/METIS-4.AI/cron/agatta.cron: Permission denied
/bin/sh: 1: /working/gdrive-local/Colab Notebooks/METIS-4.AI/cron/agatta.cron: Permission denied
/bin/sh: 1: /working/gdrive-local/Colab Notebooks/METIS-4.AI/cron/agatta.cron: Permission denied
/bin/sh: 1: /working/gdrive-local/Colab Notebooks/METIS-4.AI/cron/agatta.cron: Permission denied
/bin/sh: 1: /working/gdrive-local/Colab Notebooks/METIS-4.AI/cron/agatta.cron: Permission denied
/bin/sh: 1: /working/gdrive-local/Colab Notebooks/METIS-4.AI/cron/agatta.cron: Permission denied
/bin/sh: 1: /working/gdrive-local/Colab Notebooks/METIS-4.AI/cron/agatta.cron: Permission denied
/bin/sh: 1: /working/gdrive-local/Colab Notebooks/METIS-4.AI/cron/agatta.cron: Permission denied
/bin/sh: 1: /working/gdrive-local/Colab Notebooks/METIS-4.AI/cron/agatta.cron: Permission denied
/bin/sh: 1: /working/gdrive-local/Colab Notebooks/METIS-4.AI/cron/agatta.cron: Permission denied
/bin/sh: 1: /working/gdrive-local/Colab Notebooks/METIS-4.AI/cron/agatta.cron: Permission denied
/bin/sh: 1: /working/gdrive-local/Colab Notebooks/METIS-4.AI/cron/agatta.cron: Permission denied
/bin/sh: 1: /working/gdrive-local/Colab Notebooks/METIS-4.AI/cron/agatta.cron: Permission denied
/bin/sh: 1: /working/gdrive-local/Colab Notebooks/METIS-4.AI/cron/agatta.cron: Permission denied
/bin/sh: 1: /working/gdrive-local/Colab Notebooks/METIS-4.AI/cron/agatta.cron: Permission denied
/bin/sh: 1: /working/gdrive-local/Colab Notebooks/METIS-4.AI/cron/agatta.cron: Permission denied
/bin/sh: 1: /working/gdrive-local/Colab Notebooks/METIS-4.AI/cron/agatta.cron: Permission denied
/bin/sh: 1: /working/gdrive-local/Colab Notebooks/METIS-4.AI/cron/agatta.cron: Permission denied
/bin/sh: 1: /working/gdrive-local/Colab Notebooks/METIS-4.AI/cron/agatta.cron: Permission denied
/bin/sh: 1: /working/gdrive-local/Colab Notebooks/METIS-4.AI/cron/agatta.cron: Permission denied
/bin/sh: 1: /working/gdrive-local/Colab Notebooks/METIS-4.AI/cron/agatta.cron: Permission denied
/bin/sh: 1: /working/gdrive-local/Colab Notebooks/METIS-4.AI/cron/agatta.cron: Permission denied
/bin/sh: 1: /working/gdrive-local/Colab Notebooks/METIS-4.AI/cron/agatta.cron: Permission denied
/bin/sh: 1: /working/gdrive-local/Colab Notebooks/METIS-4.AI/cron/agatta.cron: Permission denied
/bin/sh: 1: /working/gdrive-local/Colab Notebooks/METIS-4.AI/cron/agatta.cron: Permission denied
/bin/sh: 1: /working/gdrive-local/Colab Notebooks/METIS-4.AI/cron/agatta.cron: Permission denied
/bin/sh: 1: /working/gdrive-local/Colab Notebooks/METIS-4.AI/cron/agatta.cron: Permission denied
/bin/sh: 1: /working/gdrive-local/Colab Notebooks/METIS-4.AI/cron/agatta.cron: Permission denied
/bin/sh: 1: /working/gdrive-local/Colab Notebooks/METIS-4.AI/cron/agatta.cron: Permission denied
/bin/sh: 1: /working/gdrive-local/Colab Notebooks/METIS-4.AI/cron/agatta.cron: Permission denied
/bin/sh: 1: /working/gdrive-local/Colab Notebooks/METIS-4.AI/cron/agatta.cron: Permission denied
/bin/sh: 1: /working/gdrive-local/Colab Notebooks/METIS-4.AI/cron/agatta.cron: Permission denied
/bin/sh: 1: /working/gdrive-local/Colab Notebooks/METIS-4.AI/cron/agatta.cron: Permission denied
/bin/sh: 1: /working/gdrive-local/Colab Notebooks/METIS-4.AI/cron/agatta.cron: Permission denied
/bin/sh: 1: /working/gdrive-local/Colab Notebooks/METIS-4.AI/cron/agatta.cron: Permission denied
/bin/sh: 1: /working/gdrive-local/Colab Notebooks/METIS-4.AI/cron/agatta.cron: Permission denied
/bin/sh: 1: /working/gdrive-local/Colab Notebooks/METIS-4.AI/cron/agatta.cron: Permission denied
/bin/sh: 1: /working/gdrive-local/Colab Notebooks/METIS-4.AI/cron/agatta.cron: Permission denied
/bin/sh: 1: /working/gdrive-local/Colab Notebooks/METIS-4.AI/cron/agatta.cron: Permission denied
/bin/sh: 1: /working/gdrive-local/Colab Notebooks/METIS-4.AI/cron/agatta.cron: Permission denied
/bin/sh: 1: /working/gdrive-local/Colab Notebooks/METIS-4.AI/cron/agatta.cron: Permission denied
/bin/sh: 1: /working/gdrive-local/Colab Notebooks/METIS-4.AI/cron/agatta.cron: Permission denied
/bin/sh: 1: /working/gdrive-local/Colab Notebooks/METIS-4.AI/cron/agatta.cron: Permission denied
/bin/sh: 1: /working/gdrive-local/Colab Notebooks/METIS-4.AI/cron/agatta.cron: Permission denied
/bin/sh: 1: /working/gdrive-local/Colab Notebooks/METIS-4.AI/cron/agatta.cron: Permission denied
/bin/sh: 1: /working/gdrive-local/Colab Notebooks/METIS-4.AI/cron/agatta.cron: Permission denied
/bin/sh: 1: /working/gdrive-local/Colab Notebooks/METIS-4.AI/cron/agatta.cron: Permission denied
/bin/sh: 1: /working/gdrive-local/Colab Notebooks/METIS-4.AI/cron/agatta.cron: Permission denied
/bin/sh: 1: /working/gdrive-local/Colab Notebooks/METIS-4.AI/cron/agatta.cron: Permission denied
/bin/sh: 1: /working/gdrive-local/Colab Notebooks/METIS-4.AI/cron/agatta.cron: Permission denied
/bin/sh: 1: /working/gdrive-local/Colab Notebooks/METIS-4.AI/cron/agatta.cron: Permission denied
/bin/sh: 1: /working/gdrive-local/Colab Notebooks/METIS-4.AI/cron/agatta.cron: Permission denied
/bin/sh: 1: /working/gdrive-local/Colab Notebooks/METIS-4.AI/cron/agatta.cron: Permission denied
/bin/sh: 1: /working/gdrive-local/Colab Notebooks/METIS-4.AI/cron/agatta.cron: Permission denied
/bin/sh: 1: /working/gdrive-local/Colab Notebooks/METIS-4.AI/cron/agatta.cron: Permission denied
/bin/sh: 1: /working/gdrive-local/Colab Notebooks/METIS-4.AI/cron/agatta.cron: Permission denied
/bin/sh: 1: /working/gdrive-local/Colab Notebooks/METIS-4.AI/cron/agatta.cron: Permission denied
/bin/sh: 1: /working/gdrive-local/Colab Notebooks/METIS-4.AI/cron/agatta.cron: Permission denied
/bin/sh: 1: /working/gdrive-local/Colab Notebooks/METIS-4.AI/cron/agatta.cron: Permission denied
/bin/sh: 1: /working/gdrive-local/Colab Notebooks/METIS-4.AI/cron/agatta.cron: Permission denied
2025-07-06 09:30:03.492155: I tensorflow/core/util/port.cc:153] oneDNN custom operations are on. You may see slightly different numerical results due to floating-point round-off errors from different computation orders. To turn them off, set the environment variable `TF_ENABLE_ONEDNN_OPTS=0`.
2025-07-06 09:30:03.498953: E external/local_xla/xla/stream_executor/cuda/cuda_fft.cc:467] Unable to register cuFFT factory: Attempting to register factory for plugin cuFFT when one has already been registered
WARNING: All log messages before absl::InitializeLog() is called are written to STDERR
E0000 00:00:1751794203.506820 3671070 cuda_dnn.cc:8579] Unable to register cuDNN factory: Attempting to register factory for plugin cuDNN when one has already been registered
E0000 00:00:1751794203.509255 3671070 cuda_blas.cc:1407] Unable to register cuBLAS factory: Attempting to register factory for plugin cuBLAS when one has already been registered
W0000 00:00:1751794203.515507 3671070 computation_placer.cc:177] computation placer already registered. Please check linkage and avoid linking the same target more than once.
W0000 00:00:1751794203.515523 3671070 computation_placer.cc:177] computation placer already registered. Please check linkage and avoid linking the same target more than once.
W0000 00:00:1751794203.515525 3671070 computation_placer.cc:177] computation placer already registered. Please check linkage and avoid linking the same target more than once.
W0000 00:00:1751794203.515526 3671070 computation_placer.cc:177] computation placer already registered. Please check linkage and avoid linking the same target more than once.
2025-07-06 09:30:03.517534: I tensorflow/core/platform/cpu_feature_guard.cc:210] This TensorFlow binary is optimized to use available CPU instructions in performance-critical operations.
To enable the following instructions: AVX2 AVX_VNNI FMA, in other operations, rebuild TensorFlow with the appropriate compiler flags.
2025-07-06 09:30:04,514 INFO [email_search_app.nlp_service:<module>] Cargando modelo de embeddings: paraphrase-multilingual-MiniLM-L12-v2
2025-07-06 09:30:07,754 INFO [email_search_app.nlp_service:<module>] Modelo de embeddings cargado exitosamente
2025-07-06 09:40:04.014668: I tensorflow/core/util/port.cc:153] oneDNN custom operations are on. You may see slightly different numerical results due to floating-point round-off errors from different computation orders. To turn them off, set the environment variable `TF_ENABLE_ONEDNN_OPTS=0`.
2025-07-06 09:40:04.021598: E external/local_xla/xla/stream_executor/cuda/cuda_fft.cc:467] Unable to register cuFFT factory: Attempting to register factory for plugin cuFFT when one has already been registered
WARNING: All log messages before absl::InitializeLog() is called are written to STDERR
E0000 00:00:1751794804.030257 4023299 cuda_dnn.cc:8579] Unable to register cuDNN factory: Attempting to register factory for plugin cuDNN when one has already been registered
E0000 00:00:1751794804.032683 4023299 cuda_blas.cc:1407] Unable to register cuBLAS factory: Attempting to register factory for plugin cuBLAS when one has already been registered
W0000 00:00:1751794804.039130 4023299 computation_placer.cc:177] computation placer already registered. Please check linkage and avoid linking the same target more than once.
W0000 00:00:1751794804.039146 4023299 computation_placer.cc:177] computation placer already registered. Please check linkage and avoid linking the same target more than once.
W0000 00:00:1751794804.039147 4023299 computation_placer.cc:177] computation placer already registered. Please check linkage and avoid linking the same target more than once.
W0000 00:00:1751794804.039148 4023299 computation_placer.cc:177] computation placer already registered. Please check linkage and avoid linking the same target more than once.
2025-07-06 09:40:04.041217: I tensorflow/core/platform/cpu_feature_guard.cc:210] This TensorFlow binary is optimized to use available CPU instructions in performance-critical operations.
To enable the following instructions: AVX2 AVX_VNNI FMA, in other operations, rebuild TensorFlow with the appropriate compiler flags.
2025-07-06 09:40:05,405 INFO [email_search_app.nlp_service:<module>] Cargando modelo de embeddings: paraphrase-multilingual-MiniLM-L12-v2
2025-07-06 09:40:08,351 INFO [email_search_app.nlp_service:<module>] Modelo de embeddings cargado exitosamente
2025-07-06 09:50:03.678122: I tensorflow/core/util/port.cc:153] oneDNN custom operations are on. You may see slightly different numerical results due to floating-point round-off errors from different computation orders. To turn them off, set the environment variable `TF_ENABLE_ONEDNN_OPTS=0`.
2025-07-06 09:50:03.685119: E external/local_xla/xla/stream_executor/cuda/cuda_fft.cc:467] Unable to register cuFFT factory: Attempting to register factory for plugin cuFFT when one has already been registered
WARNING: All log messages before absl::InitializeLog() is called are written to STDERR
E0000 00:00:1751795403.693996  211492 cuda_dnn.cc:8579] Unable to register cuDNN factory: Attempting to register factory for plugin cuDNN when one has already been registered
E0000 00:00:1751795403.696453  211492 cuda_blas.cc:1407] Unable to register cuBLAS factory: Attempting to register factory for plugin cuBLAS when one has already been registered
W0000 00:00:1751795403.702805  211492 computation_placer.cc:177] computation placer already registered. Please check linkage and avoid linking the same target more than once.
W0000 00:00:1751795403.702821  211492 computation_placer.cc:177] computation placer already registered. Please check linkage and avoid linking the same target more than once.
W0000 00:00:1751795403.702823  211492 computation_placer.cc:177] computation placer already registered. Please check linkage and avoid linking the same target more than once.
W0000 00:00:1751795403.702824  211492 computation_placer.cc:177] computation placer already registered. Please check linkage and avoid linking the same target more than once.
2025-07-06 09:50:03.704823: I tensorflow/core/platform/cpu_feature_guard.cc:210] This TensorFlow binary is optimized to use available CPU instructions in performance-critical operations.
To enable the following instructions: AVX2 AVX_VNNI FMA, in other operations, rebuild TensorFlow with the appropriate compiler flags.
2025-07-06 09:50:04,843 INFO [email_search_app.nlp_service:<module>] Cargando modelo de embeddings: paraphrase-multilingual-MiniLM-L12-v2
Traceback (most recent call last):
  File "/working/gdrive-local/Colab Notebooks/METIS-4.AI/agatta_tasks.py", line 12, in <module>
    from services.nlp_service import detect_language  # Asumiendo que existe esta función
  File "/working/gdrive-local/Colab Notebooks/METIS-4.AI/services/nlp_service.py", line 31, in <module>
    embedding_model = SentenceTransformer(EMBEDDING_MODEL_NAME)
  File "/usr/local/lib/python3.10/dist-packages/sentence_transformers/SentenceTransformer.py", line 348, in __init__
    self.to(device)
  File "/usr/local/lib/python3.10/dist-packages/torch/nn/modules/module.py", line 1355, in to
    return self._apply(convert)
  File "/usr/local/lib/python3.10/dist-packages/torch/nn/modules/module.py", line 915, in _apply
    module._apply(fn)
  File "/usr/local/lib/python3.10/dist-packages/torch/nn/modules/module.py", line 915, in _apply
    module._apply(fn)
  File "/usr/local/lib/python3.10/dist-packages/torch/nn/modules/module.py", line 915, in _apply
    module._apply(fn)
  [Previous line repeated 1 more time]
  File "/usr/local/lib/python3.10/dist-packages/torch/nn/modules/module.py", line 942, in _apply
    param_applied = fn(param)
  File "/usr/local/lib/python3.10/dist-packages/torch/nn/modules/module.py", line 1341, in convert
    return t.to(
RuntimeError: CUDA error: out of memory
CUDA kernel errors might be asynchronously reported at some other API call, so the stacktrace below might be incorrect.
For debugging consider passing CUDA_LAUNCH_BLOCKING=1
Compile with `TORCH_USE_CUDA_DSA` to enable device-side assertions.

2025-07-06 10:00:04.297728: I tensorflow/core/util/port.cc:153] oneDNN custom operations are on. You may see slightly different numerical results due to floating-point round-off errors from different computation orders. To turn them off, set the environment variable `TF_ENABLE_ONEDNN_OPTS=0`.
2025-07-06 10:00:04.304828: E external/local_xla/xla/stream_executor/cuda/cuda_fft.cc:467] Unable to register cuFFT factory: Attempting to register factory for plugin cuFFT when one has already been registered
WARNING: All log messages before absl::InitializeLog() is called are written to STDERR
E0000 00:00:1751796004.313586  598979 cuda_dnn.cc:8579] Unable to register cuDNN factory: Attempting to register factory for plugin cuDNN when one has already been registered
E0000 00:00:1751796004.315953  598979 cuda_blas.cc:1407] Unable to register cuBLAS factory: Attempting to register factory for plugin cuBLAS when one has already been registered
W0000 00:00:1751796004.322358  598979 computation_placer.cc:177] computation placer already registered. Please check linkage and avoid linking the same target more than once.
W0000 00:00:1751796004.322396  598979 computation_placer.cc:177] computation placer already registered. Please check linkage and avoid linking the same target more than once.
W0000 00:00:1751796004.322397  598979 computation_placer.cc:177] computation placer already registered. Please check linkage and avoid linking the same target more than once.
W0000 00:00:1751796004.322399  598979 computation_placer.cc:177] computation placer already registered. Please check linkage and avoid linking the same target more than once.
2025-07-06 10:00:04.324437: I tensorflow/core/platform/cpu_feature_guard.cc:210] This TensorFlow binary is optimized to use available CPU instructions in performance-critical operations.
To enable the following instructions: AVX2 AVX_VNNI FMA, in other operations, rebuild TensorFlow with the appropriate compiler flags.
2025-07-06 10:00:05,606 INFO [email_search_app.nlp_service:<module>] Cargando modelo de embeddings: paraphrase-multilingual-MiniLM-L12-v2
Traceback (most recent call last):
  File "/working/gdrive-local/Colab Notebooks/METIS-4.AI/agatta_tasks.py", line 12, in <module>
    from services.nlp_service import detect_language  # Asumiendo que existe esta función
  File "/working/gdrive-local/Colab Notebooks/METIS-4.AI/services/nlp_service.py", line 31, in <module>
    embedding_model = SentenceTransformer(EMBEDDING_MODEL_NAME)
  File "/usr/local/lib/python3.10/dist-packages/sentence_transformers/SentenceTransformer.py", line 348, in __init__
    self.to(device)
  File "/usr/local/lib/python3.10/dist-packages/torch/nn/modules/module.py", line 1355, in to
    return self._apply(convert)
  File "/usr/local/lib/python3.10/dist-packages/torch/nn/modules/module.py", line 915, in _apply
    module._apply(fn)
  File "/usr/local/lib/python3.10/dist-packages/torch/nn/modules/module.py", line 915, in _apply
    module._apply(fn)
  File "/usr/local/lib/python3.10/dist-packages/torch/nn/modules/module.py", line 915, in _apply
    module._apply(fn)
  [Previous line repeated 1 more time]
  File "/usr/local/lib/python3.10/dist-packages/torch/nn/modules/module.py", line 942, in _apply
    param_applied = fn(param)
  File "/usr/local/lib/python3.10/dist-packages/torch/nn/modules/module.py", line 1341, in convert
    return t.to(
RuntimeError: CUDA error: out of memory
CUDA kernel errors might be asynchronously reported at some other API call, so the stacktrace below might be incorrect.
For debugging consider passing CUDA_LAUNCH_BLOCKING=1
Compile with `TORCH_USE_CUDA_DSA` to enable device-side assertions.

2025-07-06 10:10:04.000134: I tensorflow/core/util/port.cc:153] oneDNN custom operations are on. You may see slightly different numerical results due to floating-point round-off errors from different computation orders. To turn them off, set the environment variable `TF_ENABLE_ONEDNN_OPTS=0`.
2025-07-06 10:10:04.007164: E external/local_xla/xla/stream_executor/cuda/cuda_fft.cc:467] Unable to register cuFFT factory: Attempting to register factory for plugin cuFFT when one has already been registered
WARNING: All log messages before absl::InitializeLog() is called are written to STDERR
E0000 00:00:1751796604.015885  964531 cuda_dnn.cc:8579] Unable to register cuDNN factory: Attempting to register factory for plugin cuDNN when one has already been registered
E0000 00:00:1751796604.018288  964531 cuda_blas.cc:1407] Unable to register cuBLAS factory: Attempting to register factory for plugin cuBLAS when one has already been registered
W0000 00:00:1751796604.024679  964531 computation_placer.cc:177] computation placer already registered. Please check linkage and avoid linking the same target more than once.
W0000 00:00:1751796604.024712  964531 computation_placer.cc:177] computation placer already registered. Please check linkage and avoid linking the same target more than once.
W0000 00:00:1751796604.024714  964531 computation_placer.cc:177] computation placer already registered. Please check linkage and avoid linking the same target more than once.
W0000 00:00:1751796604.024715  964531 computation_placer.cc:177] computation placer already registered. Please check linkage and avoid linking the same target more than once.
2025-07-06 10:10:04.026844: I tensorflow/core/platform/cpu_feature_guard.cc:210] This TensorFlow binary is optimized to use available CPU instructions in performance-critical operations.
To enable the following instructions: AVX2 AVX_VNNI FMA, in other operations, rebuild TensorFlow with the appropriate compiler flags.
2025-07-06 10:10:05,229 INFO [email_search_app.nlp_service:<module>] Cargando modelo de embeddings: paraphrase-multilingual-MiniLM-L12-v2
2025-07-06 10:10:08,126 INFO [email_search_app.nlp_service:<module>] Modelo de embeddings cargado exitosamente
Killed
Killed
2025-07-06 12:30:03.262894: I tensorflow/core/util/port.cc:153] oneDNN custom operations are on. You may see slightly different numerical results due to floating-point round-off errors from different computation orders. To turn them off, set the environment variable `TF_ENABLE_ONEDNN_OPTS=0`.
2025-07-06 12:30:03.269680: E external/local_xla/xla/stream_executor/cuda/cuda_fft.cc:467] Unable to register cuFFT factory: Attempting to register factory for plugin cuFFT when one has already been registered
WARNING: All log messages before absl::InitializeLog() is called are written to STDERR
E0000 00:00:1751805003.278284 1224027 cuda_dnn.cc:8579] Unable to register cuDNN factory: Attempting to register factory for plugin cuDNN when one has already been registered
E0000 00:00:1751805003.280767 1224027 cuda_blas.cc:1407] Unable to register cuBLAS factory: Attempting to register factory for plugin cuBLAS when one has already been registered
W0000 00:00:1751805003.287116 1224027 computation_placer.cc:177] computation placer already registered. Please check linkage and avoid linking the same target more than once.
W0000 00:00:1751805003.287128 1224027 computation_placer.cc:177] computation placer already registered. Please check linkage and avoid linking the same target more than once.
W0000 00:00:1751805003.287129 1224027 computation_placer.cc:177] computation placer already registered. Please check linkage and avoid linking the same target more than once.
W0000 00:00:1751805003.287131 1224027 computation_placer.cc:177] computation placer already registered. Please check linkage and avoid linking the same target more than once.
2025-07-06 12:30:03.289077: I tensorflow/core/platform/cpu_feature_guard.cc:210] This TensorFlow binary is optimized to use available CPU instructions in performance-critical operations.
To enable the following instructions: AVX2 AVX_VNNI FMA, in other operations, rebuild TensorFlow with the appropriate compiler flags.
2025-07-06 12:30:04,368 INFO [email_search_app.nlp_service:<module>] Cargando modelo de embeddings: paraphrase-multilingual-MiniLM-L12-v2
2025-07-06 12:30:08,177 INFO [email_search_app.nlp_service:<module>] Modelo de embeddings cargado exitosamente
2025-07-06 18:30:03.820224: I tensorflow/core/util/port.cc:153] oneDNN custom operations are on. You may see slightly different numerical results due to floating-point round-off errors from different computation orders. To turn them off, set the environment variable `TF_ENABLE_ONEDNN_OPTS=0`.
2025-07-06 18:30:03.827045: E external/local_xla/xla/stream_executor/cuda/cuda_fft.cc:467] Unable to register cuFFT factory: Attempting to register factory for plugin cuFFT when one has already been registered
WARNING: All log messages before absl::InitializeLog() is called are written to STDERR
E0000 00:00:1751826603.835375 2137163 cuda_dnn.cc:8579] Unable to register cuDNN factory: Attempting to register factory for plugin cuDNN when one has already been registered
E0000 00:00:1751826603.837791 2137163 cuda_blas.cc:1407] Unable to register cuBLAS factory: Attempting to register factory for plugin cuBLAS when one has already been registered
W0000 00:00:1751826603.844055 2137163 computation_placer.cc:177] computation placer already registered. Please check linkage and avoid linking the same target more than once.
W0000 00:00:1751826603.844065 2137163 computation_placer.cc:177] computation placer already registered. Please check linkage and avoid linking the same target more than once.
W0000 00:00:1751826603.844066 2137163 computation_placer.cc:177] computation placer already registered. Please check linkage and avoid linking the same target more than once.
W0000 00:00:1751826603.844067 2137163 computation_placer.cc:177] computation placer already registered. Please check linkage and avoid linking the same target more than once.
2025-07-06 18:30:03.846099: I tensorflow/core/platform/cpu_feature_guard.cc:210] This TensorFlow binary is optimized to use available CPU instructions in performance-critical operations.
To enable the following instructions: AVX2 AVX_VNNI FMA, in other operations, rebuild TensorFlow with the appropriate compiler flags.
2025-07-06 18:30:04,839 INFO [email_search_app.nlp_service:<module>] Cargando modelo de embeddings: paraphrase-multilingual-MiniLM-L12-v2
2025-07-06 18:30:07,842 INFO [email_search_app.nlp_service:<module>] Modelo de embeddings cargado exitosamente
2025-07-07 00:30:03.237523: I tensorflow/core/util/port.cc:153] oneDNN custom operations are on. You may see slightly different numerical results due to floating-point round-off errors from different computation orders. To turn them off, set the environment variable `TF_ENABLE_ONEDNN_OPTS=0`.
2025-07-07 00:30:03.244434: E external/local_xla/xla/stream_executor/cuda/cuda_fft.cc:467] Unable to register cuFFT factory: Attempting to register factory for plugin cuFFT when one has already been registered
WARNING: All log messages before absl::InitializeLog() is called are written to STDERR
E0000 00:00:1751848203.252409 3001597 cuda_dnn.cc:8579] Unable to register cuDNN factory: Attempting to register factory for plugin cuDNN when one has already been registered
E0000 00:00:1751848203.254930 3001597 cuda_blas.cc:1407] Unable to register cuBLAS factory: Attempting to register factory for plugin cuBLAS when one has already been registered
W0000 00:00:1751848203.261082 3001597 computation_placer.cc:177] computation placer already registered. Please check linkage and avoid linking the same target more than once.
W0000 00:00:1751848203.261092 3001597 computation_placer.cc:177] computation placer already registered. Please check linkage and avoid linking the same target more than once.
W0000 00:00:1751848203.261093 3001597 computation_placer.cc:177] computation placer already registered. Please check linkage and avoid linking the same target more than once.
W0000 00:00:1751848203.261094 3001597 computation_placer.cc:177] computation placer already registered. Please check linkage and avoid linking the same target more than once.
2025-07-07 00:30:03.263132: I tensorflow/core/platform/cpu_feature_guard.cc:210] This TensorFlow binary is optimized to use available CPU instructions in performance-critical operations.
To enable the following instructions: AVX2 AVX_VNNI FMA, in other operations, rebuild TensorFlow with the appropriate compiler flags.
2025-07-07 00:30:04,274 INFO [email_search_app.nlp_service:<module>] Cargando modelo de embeddings: paraphrase-multilingual-MiniLM-L12-v2
2025-07-07 00:30:07,539 INFO [email_search_app.nlp_service:<module>] Modelo de embeddings cargado exitosamente
2025-07-07 06:30:03.939191: I tensorflow/core/util/port.cc:153] oneDNN custom operations are on. You may see slightly different numerical results due to floating-point round-off errors from different computation orders. To turn them off, set the environment variable `TF_ENABLE_ONEDNN_OPTS=0`.
2025-07-07 06:30:03.945868: E external/local_xla/xla/stream_executor/cuda/cuda_fft.cc:467] Unable to register cuFFT factory: Attempting to register factory for plugin cuFFT when one has already been registered
WARNING: All log messages before absl::InitializeLog() is called are written to STDERR
E0000 00:00:1751869803.953828   25561 cuda_dnn.cc:8579] Unable to register cuDNN factory: Attempting to register factory for plugin cuDNN when one has already been registered
E0000 00:00:1751869803.956201   25561 cuda_blas.cc:1407] Unable to register cuBLAS factory: Attempting to register factory for plugin cuBLAS when one has already been registered
W0000 00:00:1751869803.962399   25561 computation_placer.cc:177] computation placer already registered. Please check linkage and avoid linking the same target more than once.
W0000 00:00:1751869803.962411   25561 computation_placer.cc:177] computation placer already registered. Please check linkage and avoid linking the same target more than once.
W0000 00:00:1751869803.962412   25561 computation_placer.cc:177] computation placer already registered. Please check linkage and avoid linking the same target more than once.
W0000 00:00:1751869803.962413   25561 computation_placer.cc:177] computation placer already registered. Please check linkage and avoid linking the same target more than once.
2025-07-07 06:30:03.964294: I tensorflow/core/platform/cpu_feature_guard.cc:210] This TensorFlow binary is optimized to use available CPU instructions in performance-critical operations.
To enable the following instructions: AVX2 AVX_VNNI FMA, in other operations, rebuild TensorFlow with the appropriate compiler flags.
2025-07-07 06:30:04,971 INFO [email_search_app.nlp_service:<module>] Cargando modelo de embeddings: paraphrase-multilingual-MiniLM-L12-v2
2025-07-07 06:30:07,551 INFO [email_search_app.nlp_service:<module>] Modelo de embeddings cargado exitosamente
2025-07-07 12:30:03.754124: I tensorflow/core/util/port.cc:153] oneDNN custom operations are on. You may see slightly different numerical results due to floating-point round-off errors from different computation orders. To turn them off, set the environment variable `TF_ENABLE_ONEDNN_OPTS=0`.
2025-07-07 12:30:03.760582: E external/local_xla/xla/stream_executor/cuda/cuda_fft.cc:467] Unable to register cuFFT factory: Attempting to register factory for plugin cuFFT when one has already been registered
WARNING: All log messages before absl::InitializeLog() is called are written to STDERR
E0000 00:00:1751891403.768591 1824855 cuda_dnn.cc:8579] Unable to register cuDNN factory: Attempting to register factory for plugin cuDNN when one has already been registered
E0000 00:00:1751891403.770951 1824855 cuda_blas.cc:1407] Unable to register cuBLAS factory: Attempting to register factory for plugin cuBLAS when one has already been registered
W0000 00:00:1751891403.777019 1824855 computation_placer.cc:177] computation placer already registered. Please check linkage and avoid linking the same target more than once.
W0000 00:00:1751891403.777028 1824855 computation_placer.cc:177] computation placer already registered. Please check linkage and avoid linking the same target more than once.
W0000 00:00:1751891403.777030 1824855 computation_placer.cc:177] computation placer already registered. Please check linkage and avoid linking the same target more than once.
W0000 00:00:1751891403.777031 1824855 computation_placer.cc:177] computation placer already registered. Please check linkage and avoid linking the same target more than once.
2025-07-07 12:30:03.778959: I tensorflow/core/platform/cpu_feature_guard.cc:210] This TensorFlow binary is optimized to use available CPU instructions in performance-critical operations.
To enable the following instructions: AVX2 AVX_VNNI FMA, in other operations, rebuild TensorFlow with the appropriate compiler flags.
2025-07-07 12:30:04,788 INFO [email_search_app.nlp_service:<module>] Cargando modelo de embeddings: paraphrase-multilingual-MiniLM-L12-v2
2025-07-07 12:30:08,057 INFO [email_search_app.nlp_service:<module>] Modelo de embeddings cargado exitosamente
2025-07-07 18:30:03.916855: I tensorflow/core/util/port.cc:153] oneDNN custom operations are on. You may see slightly different numerical results due to floating-point round-off errors from different computation orders. To turn them off, set the environment variable `TF_ENABLE_ONEDNN_OPTS=0`.
2025-07-07 18:30:03.924261: E external/local_xla/xla/stream_executor/cuda/cuda_fft.cc:467] Unable to register cuFFT factory: Attempting to register factory for plugin cuFFT when one has already been registered
WARNING: All log messages before absl::InitializeLog() is called are written to STDERR
E0000 00:00:1751913003.932186 3444703 cuda_dnn.cc:8579] Unable to register cuDNN factory: Attempting to register factory for plugin cuDNN when one has already been registered
E0000 00:00:1751913003.934503 3444703 cuda_blas.cc:1407] Unable to register cuBLAS factory: Attempting to register factory for plugin cuBLAS when one has already been registered
W0000 00:00:1751913003.940499 3444703 computation_placer.cc:177] computation placer already registered. Please check linkage and avoid linking the same target more than once.
W0000 00:00:1751913003.940509 3444703 computation_placer.cc:177] computation placer already registered. Please check linkage and avoid linking the same target more than once.
W0000 00:00:1751913003.940510 3444703 computation_placer.cc:177] computation placer already registered. Please check linkage and avoid linking the same target more than once.
W0000 00:00:1751913003.940511 3444703 computation_placer.cc:177] computation placer already registered. Please check linkage and avoid linking the same target more than once.
2025-07-07 18:30:03.942387: I tensorflow/core/platform/cpu_feature_guard.cc:210] This TensorFlow binary is optimized to use available CPU instructions in performance-critical operations.
To enable the following instructions: AVX2 AVX_VNNI FMA, in other operations, rebuild TensorFlow with the appropriate compiler flags.
2025-07-07 18:30:04,943 INFO [email_search_app.nlp_service:<module>] Cargando modelo de embeddings: paraphrase-multilingual-MiniLM-L12-v2
2025-07-07 18:30:07,755 INFO [email_search_app.nlp_service:<module>] Modelo de embeddings cargado exitosamente
2025-07-08 00:30:04.014515: I tensorflow/core/util/port.cc:153] oneDNN custom operations are on. You may see slightly different numerical results due to floating-point round-off errors from different computation orders. To turn them off, set the environment variable `TF_ENABLE_ONEDNN_OPTS=0`.
2025-07-08 00:30:04.021271: E external/local_xla/xla/stream_executor/cuda/cuda_fft.cc:467] Unable to register cuFFT factory: Attempting to register factory for plugin cuFFT when one has already been registered
WARNING: All log messages before absl::InitializeLog() is called are written to STDERR
E0000 00:00:1751934604.029579  762730 cuda_dnn.cc:8579] Unable to register cuDNN factory: Attempting to register factory for plugin cuDNN when one has already been registered
E0000 00:00:1751934604.031982  762730 cuda_blas.cc:1407] Unable to register cuBLAS factory: Attempting to register factory for plugin cuBLAS when one has already been registered
W0000 00:00:1751934604.038219  762730 computation_placer.cc:177] computation placer already registered. Please check linkage and avoid linking the same target more than once.
W0000 00:00:1751934604.038232  762730 computation_placer.cc:177] computation placer already registered. Please check linkage and avoid linking the same target more than once.
W0000 00:00:1751934604.038233  762730 computation_placer.cc:177] computation placer already registered. Please check linkage and avoid linking the same target more than once.
W0000 00:00:1751934604.038234  762730 computation_placer.cc:177] computation placer already registered. Please check linkage and avoid linking the same target more than once.
2025-07-08 00:30:04.040170: I tensorflow/core/platform/cpu_feature_guard.cc:210] This TensorFlow binary is optimized to use available CPU instructions in performance-critical operations.
To enable the following instructions: AVX2 AVX_VNNI FMA, in other operations, rebuild TensorFlow with the appropriate compiler flags.
2025-07-08 00:30:05,116 INFO [email_search_app.nlp_service:<module>] Cargando modelo de embeddings: paraphrase-multilingual-MiniLM-L12-v2
2025-07-08 00:30:08,359 INFO [email_search_app.nlp_service:<module>] Modelo de embeddings cargado exitosamente
2025-07-08 06:30:03.970378: I tensorflow/core/util/port.cc:153] oneDNN custom operations are on. You may see slightly different numerical results due to floating-point round-off errors from different computation orders. To turn them off, set the environment variable `TF_ENABLE_ONEDNN_OPTS=0`.
2025-07-08 06:30:03.977149: E external/local_xla/xla/stream_executor/cuda/cuda_fft.cc:467] Unable to register cuFFT factory: Attempting to register factory for plugin cuFFT when one has already been registered
WARNING: All log messages before absl::InitializeLog() is called are written to STDERR
E0000 00:00:1751956203.985197 2054562 cuda_dnn.cc:8579] Unable to register cuDNN factory: Attempting to register factory for plugin cuDNN when one has already been registered
E0000 00:00:1751956203.987626 2054562 cuda_blas.cc:1407] Unable to register cuBLAS factory: Attempting to register factory for plugin cuBLAS when one has already been registered
W0000 00:00:1751956203.994099 2054562 computation_placer.cc:177] computation placer already registered. Please check linkage and avoid linking the same target more than once.
W0000 00:00:1751956203.994117 2054562 computation_placer.cc:177] computation placer already registered. Please check linkage and avoid linking the same target more than once.
W0000 00:00:1751956203.994118 2054562 computation_placer.cc:177] computation placer already registered. Please check linkage and avoid linking the same target more than once.
W0000 00:00:1751956203.994119 2054562 computation_placer.cc:177] computation placer already registered. Please check linkage and avoid linking the same target more than once.
2025-07-08 06:30:03.996145: I tensorflow/core/platform/cpu_feature_guard.cc:210] This TensorFlow binary is optimized to use available CPU instructions in performance-critical operations.
To enable the following instructions: AVX2 AVX_VNNI FMA, in other operations, rebuild TensorFlow with the appropriate compiler flags.
2025-07-08 06:30:05,039 INFO [email_search_app.nlp_service:<module>] Cargando modelo de embeddings: paraphrase-multilingual-MiniLM-L12-v2
2025-07-08 06:30:08,049 INFO [email_search_app.nlp_service:<module>] Modelo de embeddings cargado exitosamente
2025-07-08 12:30:03.297701: I tensorflow/core/util/port.cc:153] oneDNN custom operations are on. You may see slightly different numerical results due to floating-point round-off errors from different computation orders. To turn them off, set the environment variable `TF_ENABLE_ONEDNN_OPTS=0`.
2025-07-08 12:30:03.304989: E external/local_xla/xla/stream_executor/cuda/cuda_fft.cc:467] Unable to register cuFFT factory: Attempting to register factory for plugin cuFFT when one has already been registered
WARNING: All log messages before absl::InitializeLog() is called are written to STDERR
E0000 00:00:1751977803.312810  191281 cuda_dnn.cc:8579] Unable to register cuDNN factory: Attempting to register factory for plugin cuDNN when one has already been registered
E0000 00:00:1751977803.315174  191281 cuda_blas.cc:1407] Unable to register cuBLAS factory: Attempting to register factory for plugin cuBLAS when one has already been registered
W0000 00:00:1751977803.321375  191281 computation_placer.cc:177] computation placer already registered. Please check linkage and avoid linking the same target more than once.
W0000 00:00:1751977803.321389  191281 computation_placer.cc:177] computation placer already registered. Please check linkage and avoid linking the same target more than once.
W0000 00:00:1751977803.321390  191281 computation_placer.cc:177] computation placer already registered. Please check linkage and avoid linking the same target more than once.
W0000 00:00:1751977803.321391  191281 computation_placer.cc:177] computation placer already registered. Please check linkage and avoid linking the same target more than once.
2025-07-08 12:30:03.323328: I tensorflow/core/platform/cpu_feature_guard.cc:210] This TensorFlow binary is optimized to use available CPU instructions in performance-critical operations.
To enable the following instructions: AVX2 AVX_VNNI FMA, in other operations, rebuild TensorFlow with the appropriate compiler flags.
2025-07-08 12:30:04,357 INFO [email_search_app.nlp_service:<module>] Cargando modelo de embeddings: paraphrase-multilingual-MiniLM-L12-v2
2025-07-08 12:30:07,719 INFO [email_search_app.nlp_service:<module>] Modelo de embeddings cargado exitosamente
2025-07-08 18:30:03.857933: I tensorflow/core/util/port.cc:153] oneDNN custom operations are on. You may see slightly different numerical results due to floating-point round-off errors from different computation orders. To turn them off, set the environment variable `TF_ENABLE_ONEDNN_OPTS=0`.
2025-07-08 18:30:03.864414: E external/local_xla/xla/stream_executor/cuda/cuda_fft.cc:467] Unable to register cuFFT factory: Attempting to register factory for plugin cuFFT when one has already been registered
WARNING: All log messages before absl::InitializeLog() is called are written to STDERR
E0000 00:00:1751999403.872111 1957481 cuda_dnn.cc:8579] Unable to register cuDNN factory: Attempting to register factory for plugin cuDNN when one has already been registered
E0000 00:00:1751999403.874429 1957481 cuda_blas.cc:1407] Unable to register cuBLAS factory: Attempting to register factory for plugin cuBLAS when one has already been registered
W0000 00:00:1751999403.880374 1957481 computation_placer.cc:177] computation placer already registered. Please check linkage and avoid linking the same target more than once.
W0000 00:00:1751999403.880383 1957481 computation_placer.cc:177] computation placer already registered. Please check linkage and avoid linking the same target more than once.
W0000 00:00:1751999403.880391 1957481 computation_placer.cc:177] computation placer already registered. Please check linkage and avoid linking the same target more than once.
W0000 00:00:1751999403.880392 1957481 computation_placer.cc:177] computation placer already registered. Please check linkage and avoid linking the same target more than once.
2025-07-08 18:30:03.882257: I tensorflow/core/platform/cpu_feature_guard.cc:210] This TensorFlow binary is optimized to use available CPU instructions in performance-critical operations.
To enable the following instructions: AVX2 AVX_VNNI FMA, in other operations, rebuild TensorFlow with the appropriate compiler flags.
2025-07-08 18:30:04,847 INFO [email_search_app.nlp_service:<module>] Cargando modelo de embeddings: paraphrase-multilingual-MiniLM-L12-v2
2025-07-08 18:30:07,564 INFO [email_search_app.nlp_service:<module>] Modelo de embeddings cargado exitosamente
2025-07-09 00:30:03.117392: I tensorflow/core/util/port.cc:153] oneDNN custom operations are on. You may see slightly different numerical results due to floating-point round-off errors from different computation orders. To turn them off, set the environment variable `TF_ENABLE_ONEDNN_OPTS=0`.
2025-07-09 00:30:03.124177: E external/local_xla/xla/stream_executor/cuda/cuda_fft.cc:467] Unable to register cuFFT factory: Attempting to register factory for plugin cuFFT when one has already been registered
WARNING: All log messages before absl::InitializeLog() is called are written to STDERR
E0000 00:00:1752021003.132317 3290755 cuda_dnn.cc:8579] Unable to register cuDNN factory: Attempting to register factory for plugin cuDNN when one has already been registered
E0000 00:00:1752021003.134739 3290755 cuda_blas.cc:1407] Unable to register cuBLAS factory: Attempting to register factory for plugin cuBLAS when one has already been registered
W0000 00:00:1752021003.140924 3290755 computation_placer.cc:177] computation placer already registered. Please check linkage and avoid linking the same target more than once.
W0000 00:00:1752021003.140934 3290755 computation_placer.cc:177] computation placer already registered. Please check linkage and avoid linking the same target more than once.
W0000 00:00:1752021003.140935 3290755 computation_placer.cc:177] computation placer already registered. Please check linkage and avoid linking the same target more than once.
W0000 00:00:1752021003.140936 3290755 computation_placer.cc:177] computation placer already registered. Please check linkage and avoid linking the same target more than once.
2025-07-09 00:30:03.142914: I tensorflow/core/platform/cpu_feature_guard.cc:210] This TensorFlow binary is optimized to use available CPU instructions in performance-critical operations.
To enable the following instructions: AVX2 AVX_VNNI FMA, in other operations, rebuild TensorFlow with the appropriate compiler flags.
2025-07-09 00:30:04,138 INFO [email_search_app.nlp_service:<module>] Cargando modelo de embeddings: paraphrase-multilingual-MiniLM-L12-v2
2025-07-09 00:30:06,915 INFO [email_search_app.nlp_service:<module>] Modelo de embeddings cargado exitosamente
2025-07-09 06:30:03.732313: I tensorflow/core/util/port.cc:153] oneDNN custom operations are on. You may see slightly different numerical results due to floating-point round-off errors from different computation orders. To turn them off, set the environment variable `TF_ENABLE_ONEDNN_OPTS=0`.
2025-07-09 06:30:03.738848: E external/local_xla/xla/stream_executor/cuda/cuda_fft.cc:467] Unable to register cuFFT factory: Attempting to register factory for plugin cuFFT when one has already been registered
WARNING: All log messages before absl::InitializeLog() is called are written to STDERR
E0000 00:00:1752042603.746728 3399959 cuda_dnn.cc:8579] Unable to register cuDNN factory: Attempting to register factory for plugin cuDNN when one has already been registered
E0000 00:00:1752042603.749030 3399959 cuda_blas.cc:1407] Unable to register cuBLAS factory: Attempting to register factory for plugin cuBLAS when one has already been registered
W0000 00:00:1752042603.754951 3399959 computation_placer.cc:177] computation placer already registered. Please check linkage and avoid linking the same target more than once.
W0000 00:00:1752042603.754960 3399959 computation_placer.cc:177] computation placer already registered. Please check linkage and avoid linking the same target more than once.
W0000 00:00:1752042603.754961 3399959 computation_placer.cc:177] computation placer already registered. Please check linkage and avoid linking the same target more than once.
W0000 00:00:1752042603.754962 3399959 computation_placer.cc:177] computation placer already registered. Please check linkage and avoid linking the same target more than once.
2025-07-09 06:30:03.756818: I tensorflow/core/platform/cpu_feature_guard.cc:210] This TensorFlow binary is optimized to use available CPU instructions in performance-critical operations.
To enable the following instructions: AVX2 AVX_VNNI FMA, in other operations, rebuild TensorFlow with the appropriate compiler flags.
2025-07-09 06:30:04,746 INFO [email_search_app.nlp_service:<module>] Cargando modelo de embeddings: paraphrase-multilingual-MiniLM-L12-v2
2025-07-09 06:30:07,532 INFO [email_search_app.nlp_service:<module>] Modelo de embeddings cargado exitosamente
2025-07-09 12:30:03.681010: I tensorflow/core/util/port.cc:153] oneDNN custom operations are on. You may see slightly different numerical results due to floating-point round-off errors from different computation orders. To turn them off, set the environment variable `TF_ENABLE_ONEDNN_OPTS=0`.
2025-07-09 12:30:03.687520: E external/local_xla/xla/stream_executor/cuda/cuda_fft.cc:467] Unable to register cuFFT factory: Attempting to register factory for plugin cuFFT when one has already been registered
WARNING: All log messages before absl::InitializeLog() is called are written to STDERR
E0000 00:00:1752064203.695285  721558 cuda_dnn.cc:8579] Unable to register cuDNN factory: Attempting to register factory for plugin cuDNN when one has already been registered
E0000 00:00:1752064203.697634  721558 cuda_blas.cc:1407] Unable to register cuBLAS factory: Attempting to register factory for plugin cuBLAS when one has already been registered
W0000 00:00:1752064203.703816  721558 computation_placer.cc:177] computation placer already registered. Please check linkage and avoid linking the same target more than once.
W0000 00:00:1752064203.703831  721558 computation_placer.cc:177] computation placer already registered. Please check linkage and avoid linking the same target more than once.
W0000 00:00:1752064203.703832  721558 computation_placer.cc:177] computation placer already registered. Please check linkage and avoid linking the same target more than once.
W0000 00:00:1752064203.703833  721558 computation_placer.cc:177] computation placer already registered. Please check linkage and avoid linking the same target more than once.
2025-07-09 12:30:03.705764: I tensorflow/core/platform/cpu_feature_guard.cc:210] This TensorFlow binary is optimized to use available CPU instructions in performance-critical operations.
To enable the following instructions: AVX2 AVX_VNNI FMA, in other operations, rebuild TensorFlow with the appropriate compiler flags.
2025-07-09 12:30:04,709 INFO [email_search_app.nlp_service:<module>] Cargando modelo de embeddings: paraphrase-multilingual-MiniLM-L12-v2
2025-07-09 12:30:07,826 INFO [email_search_app.nlp_service:<module>] Modelo de embeddings cargado exitosamente
2025-07-09 18:30:03.023317: I tensorflow/core/util/port.cc:153] oneDNN custom operations are on. You may see slightly different numerical results due to floating-point round-off errors from different computation orders. To turn them off, set the environment variable `TF_ENABLE_ONEDNN_OPTS=0`.
2025-07-09 18:30:03.030064: E external/local_xla/xla/stream_executor/cuda/cuda_fft.cc:467] Unable to register cuFFT factory: Attempting to register factory for plugin cuFFT when one has already been registered
WARNING: All log messages before absl::InitializeLog() is called are written to STDERR
E0000 00:00:1752085803.038026 2113411 cuda_dnn.cc:8579] Unable to register cuDNN factory: Attempting to register factory for plugin cuDNN when one has already been registered
E0000 00:00:1752085803.040403 2113411 cuda_blas.cc:1407] Unable to register cuBLAS factory: Attempting to register factory for plugin cuBLAS when one has already been registered
W0000 00:00:1752085803.046705 2113411 computation_placer.cc:177] computation placer already registered. Please check linkage and avoid linking the same target more than once.
W0000 00:00:1752085803.046714 2113411 computation_placer.cc:177] computation placer already registered. Please check linkage and avoid linking the same target more than once.
W0000 00:00:1752085803.046715 2113411 computation_placer.cc:177] computation placer already registered. Please check linkage and avoid linking the same target more than once.
W0000 00:00:1752085803.046716 2113411 computation_placer.cc:177] computation placer already registered. Please check linkage and avoid linking the same target more than once.
2025-07-09 18:30:03.048643: I tensorflow/core/platform/cpu_feature_guard.cc:210] This TensorFlow binary is optimized to use available CPU instructions in performance-critical operations.
To enable the following instructions: AVX2 AVX_VNNI FMA, in other operations, rebuild TensorFlow with the appropriate compiler flags.
2025-07-09 18:30:04,016 INFO [email_search_app.nlp_service:<module>] Cargando modelo de embeddings: paraphrase-multilingual-MiniLM-L12-v2
2025-07-09 18:30:06,824 INFO [email_search_app.nlp_service:<module>] Modelo de embeddings cargado exitosamente
2025-07-17 12:30:03.522591: I tensorflow/core/util/port.cc:153] oneDNN custom operations are on. You may see slightly different numerical results due to floating-point round-off errors from different computation orders. To turn them off, set the environment variable `TF_ENABLE_ONEDNN_OPTS=0`.
2025-07-17 12:30:03.529997: E external/local_xla/xla/stream_executor/cuda/cuda_fft.cc:467] Unable to register cuFFT factory: Attempting to register factory for plugin cuFFT when one has already been registered
WARNING: All log messages before absl::InitializeLog() is called are written to STDERR
E0000 00:00:1752755403.537670 1759538 cuda_dnn.cc:8579] Unable to register cuDNN factory: Attempting to register factory for plugin cuDNN when one has already been registered
E0000 00:00:1752755403.539969 1759538 cuda_blas.cc:1407] Unable to register cuBLAS factory: Attempting to register factory for plugin cuBLAS when one has already been registered
W0000 00:00:1752755403.545906 1759538 computation_placer.cc:177] computation placer already registered. Please check linkage and avoid linking the same target more than once.
W0000 00:00:1752755403.545914 1759538 computation_placer.cc:177] computation placer already registered. Please check linkage and avoid linking the same target more than once.
W0000 00:00:1752755403.545915 1759538 computation_placer.cc:177] computation placer already registered. Please check linkage and avoid linking the same target more than once.
W0000 00:00:1752755403.545916 1759538 computation_placer.cc:177] computation placer already registered. Please check linkage and avoid linking the same target more than once.
2025-07-17 12:30:03.547781: I tensorflow/core/platform/cpu_feature_guard.cc:210] This TensorFlow binary is optimized to use available CPU instructions in performance-critical operations.
To enable the following instructions: AVX2 AVX_VNNI FMA, in other operations, rebuild TensorFlow with the appropriate compiler flags.
2025-07-17 12:30:04,551 INFO [email_search_app.nlp_service:<module>] Cargando modelo de embeddings: paraphrase-multilingual-MiniLM-L12-v2
2025-07-17 12:30:07,560 INFO [email_search_app.nlp_service:<module>] Modelo de embeddings cargado exitosamente
2025-07-17 18:30:03.564441: I tensorflow/core/util/port.cc:153] oneDNN custom operations are on. You may see slightly different numerical results due to floating-point round-off errors from different computation orders. To turn them off, set the environment variable `TF_ENABLE_ONEDNN_OPTS=0`.
2025-07-17 18:30:03.570846: E external/local_xla/xla/stream_executor/cuda/cuda_fft.cc:467] Unable to register cuFFT factory: Attempting to register factory for plugin cuFFT when one has already been registered
WARNING: All log messages before absl::InitializeLog() is called are written to STDERR
E0000 00:00:1752777003.578569 2831122 cuda_dnn.cc:8579] Unable to register cuDNN factory: Attempting to register factory for plugin cuDNN when one has already been registered
E0000 00:00:1752777003.580862 2831122 cuda_blas.cc:1407] Unable to register cuBLAS factory: Attempting to register factory for plugin cuBLAS when one has already been registered
W0000 00:00:1752777003.586749 2831122 computation_placer.cc:177] computation placer already registered. Please check linkage and avoid linking the same target more than once.
W0000 00:00:1752777003.586758 2831122 computation_placer.cc:177] computation placer already registered. Please check linkage and avoid linking the same target more than once.
W0000 00:00:1752777003.586759 2831122 computation_placer.cc:177] computation placer already registered. Please check linkage and avoid linking the same target more than once.
W0000 00:00:1752777003.586760 2831122 computation_placer.cc:177] computation placer already registered. Please check linkage and avoid linking the same target more than once.
2025-07-17 18:30:03.588610: I tensorflow/core/platform/cpu_feature_guard.cc:210] This TensorFlow binary is optimized to use available CPU instructions in performance-critical operations.
To enable the following instructions: AVX2 AVX_VNNI FMA, in other operations, rebuild TensorFlow with the appropriate compiler flags.
2025-07-17 18:30:04,570 INFO [email_search_app.nlp_service:<module>] Cargando modelo de embeddings: paraphrase-multilingual-MiniLM-L12-v2
2025-07-17 18:30:07,733 INFO [email_search_app.nlp_service:<module>] Modelo de embeddings cargado exitosamente
2025-07-18 00:30:03.405981: I tensorflow/core/util/port.cc:153] oneDNN custom operations are on. You may see slightly different numerical results due to floating-point round-off errors from different computation orders. To turn them off, set the environment variable `TF_ENABLE_ONEDNN_OPTS=0`.
2025-07-18 00:30:03.412429: E external/local_xla/xla/stream_executor/cuda/cuda_fft.cc:467] Unable to register cuFFT factory: Attempting to register factory for plugin cuFFT when one has already been registered
WARNING: All log messages before absl::InitializeLog() is called are written to STDERR
E0000 00:00:1752798603.420291 3892010 cuda_dnn.cc:8579] Unable to register cuDNN factory: Attempting to register factory for plugin cuDNN when one has already been registered
E0000 00:00:1752798603.422599 3892010 cuda_blas.cc:1407] Unable to register cuBLAS factory: Attempting to register factory for plugin cuBLAS when one has already been registered
W0000 00:00:1752798603.428586 3892010 computation_placer.cc:177] computation placer already registered. Please check linkage and avoid linking the same target more than once.
W0000 00:00:1752798603.428598 3892010 computation_placer.cc:177] computation placer already registered. Please check linkage and avoid linking the same target more than once.
W0000 00:00:1752798603.428599 3892010 computation_placer.cc:177] computation placer already registered. Please check linkage and avoid linking the same target more than once.
W0000 00:00:1752798603.428600 3892010 computation_placer.cc:177] computation placer already registered. Please check linkage and avoid linking the same target more than once.
2025-07-18 00:30:03.430566: I tensorflow/core/platform/cpu_feature_guard.cc:210] This TensorFlow binary is optimized to use available CPU instructions in performance-critical operations.
To enable the following instructions: AVX2 AVX_VNNI FMA, in other operations, rebuild TensorFlow with the appropriate compiler flags.
2025-07-18 00:30:04,418 INFO [email_search_app.nlp_service:<module>] Cargando modelo de embeddings: paraphrase-multilingual-MiniLM-L12-v2
2025-07-18 00:30:06,941 INFO [email_search_app.nlp_service:<module>] Modelo de embeddings cargado exitosamente
2025-07-18 06:30:03.868340: I tensorflow/core/util/port.cc:153] oneDNN custom operations are on. You may see slightly different numerical results due to floating-point round-off errors from different computation orders. To turn them off, set the environment variable `TF_ENABLE_ONEDNN_OPTS=0`.
2025-07-18 06:30:03.874741: E external/local_xla/xla/stream_executor/cuda/cuda_fft.cc:467] Unable to register cuFFT factory: Attempting to register factory for plugin cuFFT when one has already been registered
WARNING: All log messages before absl::InitializeLog() is called are written to STDERR
E0000 00:00:1752820203.882615  706389 cuda_dnn.cc:8579] Unable to register cuDNN factory: Attempting to register factory for plugin cuDNN when one has already been registered
E0000 00:00:1752820203.884904  706389 cuda_blas.cc:1407] Unable to register cuBLAS factory: Attempting to register factory for plugin cuBLAS when one has already been registered
W0000 00:00:1752820203.890819  706389 computation_placer.cc:177] computation placer already registered. Please check linkage and avoid linking the same target more than once.
W0000 00:00:1752820203.890829  706389 computation_placer.cc:177] computation placer already registered. Please check linkage and avoid linking the same target more than once.
W0000 00:00:1752820203.890831  706389 computation_placer.cc:177] computation placer already registered. Please check linkage and avoid linking the same target more than once.
W0000 00:00:1752820203.890832  706389 computation_placer.cc:177] computation placer already registered. Please check linkage and avoid linking the same target more than once.
2025-07-18 06:30:03.892679: I tensorflow/core/platform/cpu_feature_guard.cc:210] This TensorFlow binary is optimized to use available CPU instructions in performance-critical operations.
To enable the following instructions: AVX2 AVX_VNNI FMA, in other operations, rebuild TensorFlow with the appropriate compiler flags.
2025-07-18 06:30:04,866 INFO [email_search_app.nlp_service:<module>] Cargando modelo de embeddings: paraphrase-multilingual-MiniLM-L12-v2
2025-07-18 06:30:07,621 INFO [email_search_app.nlp_service:<module>] Modelo de embeddings cargado exitosamente
2025-07-18 12:30:03.569346: I tensorflow/core/util/port.cc:153] oneDNN custom operations are on. You may see slightly different numerical results due to floating-point round-off errors from different computation orders. To turn them off, set the environment variable `TF_ENABLE_ONEDNN_OPTS=0`.
2025-07-18 12:30:03.575820: E external/local_xla/xla/stream_executor/cuda/cuda_fft.cc:467] Unable to register cuFFT factory: Attempting to register factory for plugin cuFFT when one has already been registered
WARNING: All log messages before absl::InitializeLog() is called are written to STDERR
E0000 00:00:1752841803.583830 2040469 cuda_dnn.cc:8579] Unable to register cuDNN factory: Attempting to register factory for plugin cuDNN when one has already been registered
E0000 00:00:1752841803.586312 2040469 cuda_blas.cc:1407] Unable to register cuBLAS factory: Attempting to register factory for plugin cuBLAS when one has already been registered
W0000 00:00:1752841803.592329 2040469 computation_placer.cc:177] computation placer already registered. Please check linkage and avoid linking the same target more than once.
W0000 00:00:1752841803.592348 2040469 computation_placer.cc:177] computation placer already registered. Please check linkage and avoid linking the same target more than once.
W0000 00:00:1752841803.592349 2040469 computation_placer.cc:177] computation placer already registered. Please check linkage and avoid linking the same target more than once.
W0000 00:00:1752841803.592350 2040469 computation_placer.cc:177] computation placer already registered. Please check linkage and avoid linking the same target more than once.
2025-07-18 12:30:03.594274: I tensorflow/core/platform/cpu_feature_guard.cc:210] This TensorFlow binary is optimized to use available CPU instructions in performance-critical operations.
To enable the following instructions: AVX2 AVX_VNNI FMA, in other operations, rebuild TensorFlow with the appropriate compiler flags.
2025-07-18 12:30:04,613 INFO [email_search_app.nlp_service:<module>] Cargando modelo de embeddings: paraphrase-multilingual-MiniLM-L12-v2
2025-07-18 12:30:07,571 INFO [email_search_app.nlp_service:<module>] Modelo de embeddings cargado exitosamente
2025-07-18 18:30:03.114006: I tensorflow/core/util/port.cc:153] oneDNN custom operations are on. You may see slightly different numerical results due to floating-point round-off errors from different computation orders. To turn them off, set the environment variable `TF_ENABLE_ONEDNN_OPTS=0`.
2025-07-18 18:30:03.120433: E external/local_xla/xla/stream_executor/cuda/cuda_fft.cc:467] Unable to register cuFFT factory: Attempting to register factory for plugin cuFFT when one has already been registered
WARNING: All log messages before absl::InitializeLog() is called are written to STDERR
E0000 00:00:1752863403.128091 3140679 cuda_dnn.cc:8579] Unable to register cuDNN factory: Attempting to register factory for plugin cuDNN when one has already been registered
E0000 00:00:1752863403.130434 3140679 cuda_blas.cc:1407] Unable to register cuBLAS factory: Attempting to register factory for plugin cuBLAS when one has already been registered
W0000 00:00:1752863403.136365 3140679 computation_placer.cc:177] computation placer already registered. Please check linkage and avoid linking the same target more than once.
W0000 00:00:1752863403.136375 3140679 computation_placer.cc:177] computation placer already registered. Please check linkage and avoid linking the same target more than once.
W0000 00:00:1752863403.136376 3140679 computation_placer.cc:177] computation placer already registered. Please check linkage and avoid linking the same target more than once.
W0000 00:00:1752863403.136377 3140679 computation_placer.cc:177] computation placer already registered. Please check linkage and avoid linking the same target more than once.
2025-07-18 18:30:03.138243: I tensorflow/core/platform/cpu_feature_guard.cc:210] This TensorFlow binary is optimized to use available CPU instructions in performance-critical operations.
To enable the following instructions: AVX2 AVX_VNNI FMA, in other operations, rebuild TensorFlow with the appropriate compiler flags.
2025-07-18 18:30:04,118 INFO [email_search_app.nlp_service:<module>] Cargando modelo de embeddings: paraphrase-multilingual-MiniLM-L12-v2
2025-07-18 18:30:07,139 INFO [email_search_app.nlp_service:<module>] Modelo de embeddings cargado exitosamente
2025-07-19 00:30:03.249389: I tensorflow/core/util/port.cc:153] oneDNN custom operations are on. You may see slightly different numerical results due to floating-point round-off errors from different computation orders. To turn them off, set the environment variable `TF_ENABLE_ONEDNN_OPTS=0`.
2025-07-19 00:30:03.256043: E external/local_xla/xla/stream_executor/cuda/cuda_fft.cc:467] Unable to register cuFFT factory: Attempting to register factory for plugin cuFFT when one has already been registered
WARNING: All log messages before absl::InitializeLog() is called are written to STDERR
E0000 00:00:1752885003.263823    6827 cuda_dnn.cc:8579] Unable to register cuDNN factory: Attempting to register factory for plugin cuDNN when one has already been registered
E0000 00:00:1752885003.266135    6827 cuda_blas.cc:1407] Unable to register cuBLAS factory: Attempting to register factory for plugin cuBLAS when one has already been registered
W0000 00:00:1752885003.272117    6827 computation_placer.cc:177] computation placer already registered. Please check linkage and avoid linking the same target more than once.
W0000 00:00:1752885003.272126    6827 computation_placer.cc:177] computation placer already registered. Please check linkage and avoid linking the same target more than once.
W0000 00:00:1752885003.272127    6827 computation_placer.cc:177] computation placer already registered. Please check linkage and avoid linking the same target more than once.
W0000 00:00:1752885003.272135    6827 computation_placer.cc:177] computation placer already registered. Please check linkage and avoid linking the same target more than once.
2025-07-19 00:30:03.274051: I tensorflow/core/platform/cpu_feature_guard.cc:210] This TensorFlow binary is optimized to use available CPU instructions in performance-critical operations.
To enable the following instructions: AVX2 AVX_VNNI FMA, in other operations, rebuild TensorFlow with the appropriate compiler flags.
2025-07-19 00:30:04,255 INFO [email_search_app.nlp_service:<module>] Cargando modelo de embeddings: paraphrase-multilingual-MiniLM-L12-v2
2025-07-19 00:30:06,943 INFO [email_search_app.nlp_service:<module>] Modelo de embeddings cargado exitosamente
2025-07-19 06:30:03.219764: I tensorflow/core/util/port.cc:153] oneDNN custom operations are on. You may see slightly different numerical results due to floating-point round-off errors from different computation orders. To turn them off, set the environment variable `TF_ENABLE_ONEDNN_OPTS=0`.
2025-07-19 06:30:03.226301: E external/local_xla/xla/stream_executor/cuda/cuda_fft.cc:467] Unable to register cuFFT factory: Attempting to register factory for plugin cuFFT when one has already been registered
WARNING: All log messages before absl::InitializeLog() is called are written to STDERR
E0000 00:00:1752906603.234086 1013844 cuda_dnn.cc:8579] Unable to register cuDNN factory: Attempting to register factory for plugin cuDNN when one has already been registered
E0000 00:00:1752906603.236398 1013844 cuda_blas.cc:1407] Unable to register cuBLAS factory: Attempting to register factory for plugin cuBLAS when one has already been registered
W0000 00:00:1752906603.242420 1013844 computation_placer.cc:177] computation placer already registered. Please check linkage and avoid linking the same target more than once.
W0000 00:00:1752906603.242431 1013844 computation_placer.cc:177] computation placer already registered. Please check linkage and avoid linking the same target more than once.
W0000 00:00:1752906603.242432 1013844 computation_placer.cc:177] computation placer already registered. Please check linkage and avoid linking the same target more than once.
W0000 00:00:1752906603.242433 1013844 computation_placer.cc:177] computation placer already registered. Please check linkage and avoid linking the same target more than once.
2025-07-19 06:30:03.244351: I tensorflow/core/platform/cpu_feature_guard.cc:210] This TensorFlow binary is optimized to use available CPU instructions in performance-critical operations.
To enable the following instructions: AVX2 AVX_VNNI FMA, in other operations, rebuild TensorFlow with the appropriate compiler flags.
2025-07-19 06:30:04,258 INFO [email_search_app.nlp_service:<module>] Cargando modelo de embeddings: paraphrase-multilingual-MiniLM-L12-v2
2025-07-19 06:30:07,030 INFO [email_search_app.nlp_service:<module>] Modelo de embeddings cargado exitosamente
2025-07-19 12:30:03.796487: I tensorflow/core/util/port.cc:153] oneDNN custom operations are on. You may see slightly different numerical results due to floating-point round-off errors from different computation orders. To turn them off, set the environment variable `TF_ENABLE_ONEDNN_OPTS=0`.
2025-07-19 12:30:03.802989: E external/local_xla/xla/stream_executor/cuda/cuda_fft.cc:467] Unable to register cuFFT factory: Attempting to register factory for plugin cuFFT when one has already been registered
WARNING: All log messages before absl::InitializeLog() is called are written to STDERR
E0000 00:00:1752928203.810620 2175437 cuda_dnn.cc:8579] Unable to register cuDNN factory: Attempting to register factory for plugin cuDNN when one has already been registered
E0000 00:00:1752928203.813076 2175437 cuda_blas.cc:1407] Unable to register cuBLAS factory: Attempting to register factory for plugin cuBLAS when one has already been registered
W0000 00:00:1752928203.819084 2175437 computation_placer.cc:177] computation placer already registered. Please check linkage and avoid linking the same target more than once.
W0000 00:00:1752928203.819101 2175437 computation_placer.cc:177] computation placer already registered. Please check linkage and avoid linking the same target more than once.
W0000 00:00:1752928203.819102 2175437 computation_placer.cc:177] computation placer already registered. Please check linkage and avoid linking the same target more than once.
W0000 00:00:1752928203.819103 2175437 computation_placer.cc:177] computation placer already registered. Please check linkage and avoid linking the same target more than once.
2025-07-19 12:30:03.820978: I tensorflow/core/platform/cpu_feature_guard.cc:210] This TensorFlow binary is optimized to use available CPU instructions in performance-critical operations.
To enable the following instructions: AVX2 AVX_VNNI FMA, in other operations, rebuild TensorFlow with the appropriate compiler flags.
2025-07-19 12:30:04,819 INFO [email_search_app.nlp_service:<module>] Cargando modelo de embeddings: paraphrase-multilingual-MiniLM-L12-v2
2025-07-19 12:30:08,898 INFO [email_search_app.nlp_service:<module>] Modelo de embeddings cargado exitosamente
2025-07-19 18:30:03.958653: I tensorflow/core/util/port.cc:153] oneDNN custom operations are on. You may see slightly different numerical results due to floating-point round-off errors from different computation orders. To turn them off, set the environment variable `TF_ENABLE_ONEDNN_OPTS=0`.
2025-07-19 18:30:03.965161: E external/local_xla/xla/stream_executor/cuda/cuda_fft.cc:467] Unable to register cuFFT factory: Attempting to register factory for plugin cuFFT when one has already been registered
WARNING: All log messages before absl::InitializeLog() is called are written to STDERR
E0000 00:00:1752949803.972945 3206303 cuda_dnn.cc:8579] Unable to register cuDNN factory: Attempting to register factory for plugin cuDNN when one has already been registered
E0000 00:00:1752949803.975265 3206303 cuda_blas.cc:1407] Unable to register cuBLAS factory: Attempting to register factory for plugin cuBLAS when one has already been registered
W0000 00:00:1752949803.981330 3206303 computation_placer.cc:177] computation placer already registered. Please check linkage and avoid linking the same target more than once.
W0000 00:00:1752949803.981339 3206303 computation_placer.cc:177] computation placer already registered. Please check linkage and avoid linking the same target more than once.
W0000 00:00:1752949803.981340 3206303 computation_placer.cc:177] computation placer already registered. Please check linkage and avoid linking the same target more than once.
W0000 00:00:1752949803.981341 3206303 computation_placer.cc:177] computation placer already registered. Please check linkage and avoid linking the same target more than once.
2025-07-19 18:30:03.983197: I tensorflow/core/platform/cpu_feature_guard.cc:210] This TensorFlow binary is optimized to use available CPU instructions in performance-critical operations.
To enable the following instructions: AVX2 AVX_VNNI FMA, in other operations, rebuild TensorFlow with the appropriate compiler flags.
2025-07-19 18:30:04,967 INFO [email_search_app.nlp_service:<module>] Cargando modelo de embeddings: paraphrase-multilingual-MiniLM-L12-v2
2025-07-19 18:30:08,167 INFO [email_search_app.nlp_service:<module>] Modelo de embeddings cargado exitosamente
2025-10-22 18:30:03.319704: I tensorflow/core/util/port.cc:153] oneDNN custom operations are on. You may see slightly different numerical results due to floating-point round-off errors from different computation orders. To turn them off, set the environment variable `TF_ENABLE_ONEDNN_OPTS=0`.
2025-10-22 18:30:03.327046: E external/local_xla/xla/stream_executor/cuda/cuda_fft.cc:467] Unable to register cuFFT factory: Attempting to register factory for plugin cuFFT when one has already been registered
WARNING: All log messages before absl::InitializeLog() is called are written to STDERR
E0000 00:00:1761157803.334686    8542 cuda_dnn.cc:8579] Unable to register cuDNN factory: Attempting to register factory for plugin cuDNN when one has already been registered
E0000 00:00:1761157803.336989    8542 cuda_blas.cc:1407] Unable to register cuBLAS factory: Attempting to register factory for plugin cuBLAS when one has already been registered
W0000 00:00:1761157803.342879    8542 computation_placer.cc:177] computation placer already registered. Please check linkage and avoid linking the same target more than once.
W0000 00:00:1761157803.342888    8542 computation_placer.cc:177] computation placer already registered. Please check linkage and avoid linking the same target more than once.
W0000 00:00:1761157803.342889    8542 computation_placer.cc:177] computation placer already registered. Please check linkage and avoid linking the same target more than once.
W0000 00:00:1761157803.342890    8542 computation_placer.cc:177] computation placer already registered. Please check linkage and avoid linking the same target more than once.
2025-10-22 18:30:03.344744: I tensorflow/core/platform/cpu_feature_guard.cc:210] This TensorFlow binary is optimized to use available CPU instructions in performance-critical operations.
To enable the following instructions: AVX2 AVX_VNNI FMA, in other operations, rebuild TensorFlow with the appropriate compiler flags.
2025-10-22 18:30:04,338 INFO [email_search_app.nlp_service:<module>] Cargando modelo de embeddings: paraphrase-multilingual-MiniLM-L12-v2
2025-10-22 18:30:07,919 INFO [email_search_app.nlp_service:<module>] Modelo de embeddings cargado exitosamente
